2025-10-07T05:29:45: Traceback (most recent call last):
2025-10-07T05:29:45:   File "C:\Program Files\fingerPrintSystem\listener.py", line 977, in <module>
2025-10-07T05:29:45:     print(f"\U0001f527 Initialized {len(devices)} default devices")
2025-10-07T05:29:45:     ~~~~~^^^^^^^^^^^^^^^^^^^^^^^^^^^^^^^^^^^^^^^^^^^^^^^^^^
2025-10-07T05:29:45:   File "C:\Users\crazy mouse\AppData\Local\Programs\Python\Python313\Lib\encodings\cp1256.py", line 19, in encode
2025-10-07T05:29:45:     return codecs.charmap_encode(input,self.errors,encoding_table)[0]
2025-10-07T05:29:45:            ~~~~~~~~~~~~~~~~~~~~~^^^^^^^^^^^^^^^^^^^^^^^^^^^^^^^^^^
2025-10-07T05:29:45: UnicodeEncodeError: 'charmap' codec can't encode character '\U0001f527' in position 0: character maps to <undefined>
2025-10-07T05:29:50: Traceback (most recent call last):
2025-10-07T05:29:50:   File "C:\Program Files\fingerPrintSystem\listener.py", line 977, in <module>
2025-10-07T05:29:50:     print(f"\U0001f527 Initialized {len(devices)} default devices")
2025-10-07T05:29:50:     ~~~~~^^^^^^^^^^^^^^^^^^^^^^^^^^^^^^^^^^^^^^^^^^^^^^^^^^
2025-10-07T05:29:50:   File "C:\Users\crazy mouse\AppData\Local\Programs\Python\Python313\Lib\encodings\cp1256.py", line 19, in encode
2025-10-07T05:29:50:     return codecs.charmap_encode(input,self.errors,encoding_table)[0]
2025-10-07T05:29:50:            ~~~~~~~~~~~~~~~~~~~~~^^^^^^^^^^^^^^^^^^^^^^^^^^^^^^^^^^
2025-10-07T05:29:50: UnicodeEncodeError: 'charmap' codec can't encode character '\U0001f527' in position 0: character maps to <undefined>
2025-10-07T05:29:55: Traceback (most recent call last):
2025-10-07T05:29:55:   File "C:\Program Files\fingerPrintSystem\listener.py", line 977, in <module>
2025-10-07T05:29:55:     print(f"\U0001f527 Initialized {len(devices)} default devices")
2025-10-07T05:29:55:     ~~~~~^^^^^^^^^^^^^^^^^^^^^^^^^^^^^^^^^^^^^^^^^^^^^^^^^^
2025-10-07T05:29:55:   File "C:\Users\crazy mouse\AppData\Local\Programs\Python\Python313\Lib\encodings\cp1256.py", line 19, in encode
2025-10-07T05:29:55:     return codecs.charmap_encode(input,self.errors,encoding_table)[0]
2025-10-07T05:29:55:            ~~~~~~~~~~~~~~~~~~~~~^^^^^^^^^^^^^^^^^^^^^^^^^^^^^^^^^^
2025-10-07T05:29:55: UnicodeEncodeError: 'charmap' codec can't encode character '\U0001f527' in position 0: character maps to <undefined>
2025-10-07T05:29:59: Traceback (most recent call last):
2025-10-07T05:29:59:   File "C:\Program Files\fingerPrintSystem\listener.py", line 977, in <module>
2025-10-07T05:29:59:     print(f"\U0001f527 Initialized {len(devices)} default devices")
2025-10-07T05:29:59:     ~~~~~^^^^^^^^^^^^^^^^^^^^^^^^^^^^^^^^^^^^^^^^^^^^^^^^^^
2025-10-07T05:29:59:   File "C:\Users\crazy mouse\AppData\Local\Programs\Python\Python313\Lib\encodings\cp1256.py", line 19, in encode
2025-10-07T05:29:59:     return codecs.charmap_encode(input,self.errors,encoding_table)[0]
2025-10-07T05:29:59:            ~~~~~~~~~~~~~~~~~~~~~^^^^^^^^^^^^^^^^^^^^^^^^^^^^^^^^^^
2025-10-07T05:29:59: UnicodeEncodeError: 'charmap' codec can't encode character '\U0001f527' in position 0: character maps to <undefined>
2025-10-07T05:30:04: Traceback (most recent call last):
2025-10-07T05:30:04:   File "C:\Program Files\fingerPrintSystem\listener.py", line 977, in <module>
2025-10-07T05:30:04:     print(f"\U0001f527 Initialized {len(devices)} default devices")
2025-10-07T05:30:04:     ~~~~~^^^^^^^^^^^^^^^^^^^^^^^^^^^^^^^^^^^^^^^^^^^^^^^^^^
2025-10-07T05:30:04:   File "C:\Users\crazy mouse\AppData\Local\Programs\Python\Python313\Lib\encodings\cp1256.py", line 19, in encode
2025-10-07T05:30:04:     return codecs.charmap_encode(input,self.errors,encoding_table)[0]
2025-10-07T05:30:04:            ~~~~~~~~~~~~~~~~~~~~~^^^^^^^^^^^^^^^^^^^^^^^^^^^^^^^^^^
2025-10-07T05:30:04: UnicodeEncodeError: 'charmap' codec can't encode character '\U0001f527' in position 0: character maps to <undefined>
2025-10-07T05:30:08: Traceback (most recent call last):
2025-10-07T05:30:08:   File "C:\Program Files\fingerPrintSystem\listener.py", line 977, in <module>
2025-10-07T05:30:08:     print(f"\U0001f527 Initialized {len(devices)} default devices")
2025-10-07T05:30:08:     ~~~~~^^^^^^^^^^^^^^^^^^^^^^^^^^^^^^^^^^^^^^^^^^^^^^^^^^
2025-10-07T05:30:08:   File "C:\Users\crazy mouse\AppData\Local\Programs\Python\Python313\Lib\encodings\cp1256.py", line 19, in encode
2025-10-07T05:30:08:     return codecs.charmap_encode(input,self.errors,encoding_table)[0]
2025-10-07T05:30:08:            ~~~~~~~~~~~~~~~~~~~~~^^^^^^^^^^^^^^^^^^^^^^^^^^^^^^^^^^
2025-10-07T05:30:08: UnicodeEncodeError: 'charmap' codec can't encode character '\U0001f527' in position 0: character maps to <undefined>
2025-10-07T05:30:13: Traceback (most recent call last):
2025-10-07T05:30:13:   File "C:\Program Files\fingerPrintSystem\listener.py", line 977, in <module>
2025-10-07T05:30:13:     print(f"\U0001f527 Initialized {len(devices)} default devices")
2025-10-07T05:30:13:     ~~~~~^^^^^^^^^^^^^^^^^^^^^^^^^^^^^^^^^^^^^^^^^^^^^^^^^^
2025-10-07T05:30:13:   File "C:\Users\crazy mouse\AppData\Local\Programs\Python\Python313\Lib\encodings\cp1256.py", line 19, in encode
2025-10-07T05:30:13:     return codecs.charmap_encode(input,self.errors,encoding_table)[0]
2025-10-07T05:30:13:            ~~~~~~~~~~~~~~~~~~~~~^^^^^^^^^^^^^^^^^^^^^^^^^^^^^^^^^^
2025-10-07T05:30:13: UnicodeEncodeError: 'charmap' codec can't encode character '\U0001f527' in position 0: character maps to <undefined>
2025-10-07T05:30:18: Traceback (most recent call last):
2025-10-07T05:30:18:   File "C:\Program Files\fingerPrintSystem\listener.py", line 977, in <module>
2025-10-07T05:30:18:     print(f"\U0001f527 Initialized {len(devices)} default devices")
2025-10-07T05:30:18:     ~~~~~^^^^^^^^^^^^^^^^^^^^^^^^^^^^^^^^^^^^^^^^^^^^^^^^^^
2025-10-07T05:30:18:   File "C:\Users\crazy mouse\AppData\Local\Programs\Python\Python313\Lib\encodings\cp1256.py", line 19, in encode
2025-10-07T05:30:18:     return codecs.charmap_encode(input,self.errors,encoding_table)[0]
2025-10-07T05:30:18:            ~~~~~~~~~~~~~~~~~~~~~^^^^^^^^^^^^^^^^^^^^^^^^^^^^^^^^^^
2025-10-07T05:30:18: UnicodeEncodeError: 'charmap' codec can't encode character '\U0001f527' in position 0: character maps to <undefined>
2025-10-07T05:30:22: Traceback (most recent call last):
2025-10-07T05:30:22:   File "C:\Program Files\fingerPrintSystem\listener.py", line 977, in <module>
2025-10-07T05:30:22:     print(f"\U0001f527 Initialized {len(devices)} default devices")
2025-10-07T05:30:22:     ~~~~~^^^^^^^^^^^^^^^^^^^^^^^^^^^^^^^^^^^^^^^^^^^^^^^^^^
2025-10-07T05:30:22:   File "C:\Users\crazy mouse\AppData\Local\Programs\Python\Python313\Lib\encodings\cp1256.py", line 19, in encode
2025-10-07T05:30:22:     return codecs.charmap_encode(input,self.errors,encoding_table)[0]
2025-10-07T05:30:22:            ~~~~~~~~~~~~~~~~~~~~~^^^^^^^^^^^^^^^^^^^^^^^^^^^^^^^^^^
2025-10-07T05:30:22: UnicodeEncodeError: 'charmap' codec can't encode character '\U0001f527' in position 0: character maps to <undefined>
2025-10-07T05:30:27: Traceback (most recent call last):
2025-10-07T05:30:27:   File "C:\Program Files\fingerPrintSystem\listener.py", line 977, in <module>
2025-10-07T05:30:27:     print(f"\U0001f527 Initialized {len(devices)} default devices")
2025-10-07T05:30:27:     ~~~~~^^^^^^^^^^^^^^^^^^^^^^^^^^^^^^^^^^^^^^^^^^^^^^^^^^
2025-10-07T05:30:27:   File "C:\Users\crazy mouse\AppData\Local\Programs\Python\Python313\Lib\encodings\cp1256.py", line 19, in encode
2025-10-07T05:30:27:     return codecs.charmap_encode(input,self.errors,encoding_table)[0]
2025-10-07T05:30:27:            ~~~~~~~~~~~~~~~~~~~~~^^^^^^^^^^^^^^^^^^^^^^^^^^^^^^^^^^
2025-10-07T05:30:27: UnicodeEncodeError: 'charmap' codec can't encode character '\U0001f527' in position 0: character maps to <undefined>
2025-10-07T05:30:35: Traceback (most recent call last):
2025-10-07T05:30:35:   File "C:\Program Files\fingerPrintSystem\listener.py", line 977, in <module>
2025-10-07T05:30:35:     print(f"\U0001f527 Initialized {len(devices)} default devices")
2025-10-07T05:30:35:     ~~~~~^^^^^^^^^^^^^^^^^^^^^^^^^^^^^^^^^^^^^^^^^^^^^^^^^^
2025-10-07T05:30:35:   File "C:\Users\crazy mouse\AppData\Local\Programs\Python\Python313\Lib\encodings\cp1256.py", line 19, in encode
2025-10-07T05:30:35:     return codecs.charmap_encode(input,self.errors,encoding_table)[0]
2025-10-07T05:30:35:            ~~~~~~~~~~~~~~~~~~~~~^^^^^^^^^^^^^^^^^^^^^^^^^^^^^^^^^^
2025-10-07T05:30:35: UnicodeEncodeError: 'charmap' codec can't encode character '\U0001f527' in position 0: character maps to <undefined>
2025-10-07T05:30:39: Traceback (most recent call last):
2025-10-07T05:30:39:   File "C:\Program Files\fingerPrintSystem\listener.py", line 977, in <module>
2025-10-07T05:30:39:     print(f"\U0001f527 Initialized {len(devices)} default devices")
2025-10-07T05:30:39:     ~~~~~^^^^^^^^^^^^^^^^^^^^^^^^^^^^^^^^^^^^^^^^^^^^^^^^^^
2025-10-07T05:30:39:   File "C:\Users\crazy mouse\AppData\Local\Programs\Python\Python313\Lib\encodings\cp1256.py", line 19, in encode
2025-10-07T05:30:39:     return codecs.charmap_encode(input,self.errors,encoding_table)[0]
2025-10-07T05:30:39:            ~~~~~~~~~~~~~~~~~~~~~^^^^^^^^^^^^^^^^^^^^^^^^^^^^^^^^^^
2025-10-07T05:30:39: UnicodeEncodeError: 'charmap' codec can't encode character '\U0001f527' in position 0: character maps to <undefined>
2025-10-07T05:30:44: Exception in thread Thread-1 (listen_loop_for_device):
2025-10-07T05:30:44: Traceback (most recent call last):
2025-10-07T05:30:44:   File "C:\Program Files\fingerPrintSystem\listener.py", line 981, in <module>
2025-10-07T05:30:44:     start_all_listeners()
2025-10-07T05:30:44:     ~~~~~~~~~~~~~~~~~~~^^
2025-10-07T05:30:44:   File "C:\Program Files\fingerPrintSystem\listener.py", line 317, in start_all_listeners
2025-10-07T05:30:44:     print(f"\U0001f680 Started listener thread for {device['name']}")
2025-10-07T05:30:44:     ~~~~~^^^^^^^^^^^^^^^^^^^^^^^^^^^^^^^^^^^^^^^^^^^^^^^^^^^^
2025-10-07T05:30:44:   File "C:\Users\crazy mouse\AppData\Local\Programs\Python\Python313\Lib\encodings\cp1256.py", line 19, in encode
2025-10-07T05:30:44:     return codecs.charmap_encode(input,self.errors,encoding_table)[0]
2025-10-07T05:30:44:            ~~~~~~~~~~~~~~~~~~~~~^^^^^^^^^^^^^^^^^^^^^^^^^^^^^^^^^^
2025-10-07T05:30:44: UnicodeEncodeError: 'charmap' codec can't encode character '\U0001f680' in position 0: character maps to <undefined>
2025-10-07T05:30:44: 
2025-10-07T05:30:44: During handling of the above exception, another exception occurred:
2025-10-07T05:30:44: 
2025-10-07T05:30:44: Traceback (most recent call last):
2025-10-07T05:30:44:   File "C:\Program Files\fingerPrintSystem\listener.py", line 984, in <module>
2025-10-07T05:30:44:     print("\u26a0\ufe0f Failed to auto-start listeners:", _e)
2025-10-07T05:30:44:     ~~~~~^^^^^^^^^^^^^^^^^^^^^^^^^^^^^^^^^^^^^^^^^^
2025-10-07T05:30:44:   File "C:\Users\crazy mouse\AppData\Local\Programs\Python\Python313\Lib\encodings\cp1256.py", line 19, in encode
2025-10-07T05:30:44:     return codecs.charmap_encode(input,self.errors,encoding_table)[0]
2025-10-07T05:30:44:            ~~~~~~~~~~~~~~~~~~~~~^^^^^^^^^^^^^^^^^^^^^^^^^^^^^^^^^^
2025-10-07T05:30:44: UnicodeEncodeError: 'charmap' codec can't encode characters in position 0-1: character maps to <undefined>
2025-10-07T05:30:48: Exception in thread 
2025-10-07T05:30:48: Thread-1 (listen_loop_for_device):
2025-10-07T05:30:48: Traceback (most recent call last):
2025-10-07T05:30:48:   File "C:\Program Files\fingerPrintSystem\listener.py", line 981, in <module>
2025-10-07T05:30:48:     start_all_listeners()
2025-10-07T05:30:48:     ~~~~~~~~~~~~~~~~~~~^^
2025-10-07T05:30:48:   File "C:\Program Files\fingerPrintSystem\listener.py", line 317, in start_all_listeners
2025-10-07T05:30:48:     print(f"\U0001f680 Started listener thread for {device['name']}")
2025-10-07T05:30:48:     ~~~~~^^^^^^^^^^^^^^^^^^^^^^^^^^^^^^^^^^^^^^^^^^^^^^^^^^^^
2025-10-07T05:30:48:   File "C:\Users\crazy mouse\AppData\Local\Programs\Python\Python313\Lib\encodings\cp1256.py", line 19, in encode
2025-10-07T05:30:48:     return codecs.charmap_encode(input,self.errors,encoding_table)[0]
2025-10-07T05:30:48:            ~~~~~~~~~~~~~~~~~~~~~^^^^^^^^^^^^^^^^^^^^^^^^^^^^^^^^^^
2025-10-07T05:30:48: UnicodeEncodeError: 'charmap' codec can't encode character '\U0001f680' in position 0: character maps to <undefined>
2025-10-07T05:30:48: 
2025-10-07T05:30:48: During handling of the above exception, another exception occurred:
2025-10-07T05:30:48: 
2025-10-07T05:30:48: Traceback (most recent call last):
2025-10-07T05:30:48: Traceback (most recent call last):
2025-10-07T05:30:48:   File "C:\Program Files\fingerPrintSystem\listener.py", line 226, in listen_loop_for_device
2025-10-07T05:30:48:     print(f"\U0001f449 Starting attendance listener for {device['name']} ({device['ip']})...")
2025-10-07T05:30:48:     ~~~~~^^^^^^^^^^^^^^^^^^^^^^^^^^^^^^^^^^^^^^^^^^^^^^^^^^^^^^^^^^^^^^^^^^^^^^^^^^^^^
2025-10-07T05:30:48:   File "C:\Program Files\fingerPrintSystem\listener.py", line 984, in <module>
2025-10-07T05:30:48:     print("\u26a0\ufe0f Failed to auto-start listeners:", _e)
2025-10-07T05:30:48:     ~~~~~^^^^^^^^^^^^^^^^^^^^^^^^^^^^^^^^^^^^^^^^^^
2025-10-07T05:30:48:   File "C:\Users\crazy mouse\AppData\Local\Programs\Python\Python313\Lib\encodings\cp1256.py", line 19, in encode
2025-10-07T05:30:48:     return codecs.charmap_encode(input,self.errors,encoding_table)[0]
2025-10-07T05:30:48:            ~~~~~~~~~~~~~~~~~~~~~^^^^^^^^^^^^^^^^^^^^^^^^^^^^^^^^^^
2025-10-07T05:30:48:   File "C:\Users\crazy mouse\AppData\Local\Programs\Python\Python313\Lib\encodings\cp1256.py", line 19, in encode
2025-10-07T05:30:48:     return codecs.charmap_encode(input,self.errors,encoding_table)[0]
2025-10-07T05:30:48:            ~~~~~~~~~~~~~~~~~~~~~^^^^^^^^^^^^^^^^^^^^^^^^^^^^^^^^^^
2025-10-07T05:30:48: UnicodeEncodeError: 'charmap' codec can't encode character '\U0001f449' in position 0: character maps to <undefined>
2025-10-07T05:30:48: UnicodeEncodeError: 'charmap' codec can't encode characters in position 0-1: character maps to <undefined>
2025-10-07T05:30:48: 
2025-10-07T05:30:48: During handling of the above exception, another exception occurred:
2025-10-07T05:30:48: 
2025-10-07T05:30:53: Exception in thread 
2025-10-07T05:30:53: Thread-1 (listen_loop_for_device)
2025-10-07T05:30:53: :
2025-10-07T05:30:53: Traceback (most recent call last):
2025-10-07T05:30:53: Traceback (most recent call last):
2025-10-07T05:30:53:   File "C:\Program Files\fingerPrintSystem\listener.py", line 226, in listen_loop_for_device
2025-10-07T05:30:53:     print(f"\U0001f449 Starting attendance listener for {device['name']} ({device['ip']})...")
2025-10-07T05:30:53:     ~~~~~^^^^^^^^^^^^^^^^^^^^^^^^^^^^^^^^^^^^^^^^^^^^^^^^^^^^^^^^^^^^^^^^^^^^^^^^^^^^^
2025-10-07T05:30:53:   File "C:\Program Files\fingerPrintSystem\listener.py", line 981, in <module>
2025-10-07T05:30:53:     start_all_listeners()
2025-10-07T05:30:53:     ~~~~~~~~~~~~~~~~~~~^^
2025-10-07T05:30:53:   File "C:\Users\crazy mouse\AppData\Local\Programs\Python\Python313\Lib\encodings\cp1256.py", line 19, in encode
2025-10-07T05:30:53:     return codecs.charmap_encode(input,self.errors,encoding_table)[0]
2025-10-07T05:30:53:            ~~~~~~~~~~~~~~~~~~~~~^^^^^^^^^^^^^^^^^^^^^^^^^^^^^^^^^^
2025-10-07T05:30:53:   File "C:\Program Files\fingerPrintSystem\listener.py", line 317, in start_all_listeners
2025-10-07T05:30:53:     print(f"\U0001f680 Started listener thread for {device['name']}")
2025-10-07T05:30:53:     ~~~~~^^^^^^^^^^^^^^^^^^^^^^^^^^^^^^^^^^^^^^^^^^^^^^^^^^^^
2025-10-07T05:30:53: UnicodeEncodeError: 'charmap' codec can't encode character '\U0001f449' in position 0: character maps to <undefined>
2025-10-07T05:30:53:   File "C:\Users\crazy mouse\AppData\Local\Programs\Python\Python313\Lib\encodings\cp1256.py", line 19, in encode
2025-10-07T05:30:53:     return codecs.charmap_encode(input,self.errors,encoding_table)[0]
2025-10-07T05:30:53:            ~~~~~~~~~~~~~~~~~~~~~^^^^^^^^^^^^^^^^^^^^^^^^^^^^^^^^^^
2025-10-07T05:30:53: 
2025-10-07T05:30:53: During handling of the above exception, another exception occurred:
2025-10-07T05:30:53: 
2025-10-07T05:30:53: UnicodeEncodeError: 'charmap' codec can't encode character '\U0001f680' in position 0: character maps to <undefined>
2025-10-07T05:30:53: Traceback (most recent call last):
2025-10-07T05:30:53:   File "C:\Users\crazy mouse\AppData\Local\Programs\Python\Python313\Lib\threading.py", line 1043, in _bootstrap_inner
2025-10-07T05:30:53:     self.run()
2025-10-07T05:30:53:     ~~~~~~~~^^
2025-10-07T05:30:53: 
2025-10-07T05:30:53: During handling of the above exception, another exception occurred:
2025-10-07T05:30:53: 
2025-10-07T05:30:53:   File "C:\Users\crazy mouse\AppData\Local\Programs\Python\Python313\Lib\threading.py", line 994, in run
2025-10-07T05:30:53:     self._target(*self._args, **self._kwargs)
2025-10-07T05:30:53:     ~~~~~~~~~~~~^^^^^^^^^^^^^^^^^^^^^^^^^^^^^
2025-10-07T05:30:53: Traceback (most recent call last):
2025-10-07T05:30:53:   File "C:\Program Files\fingerPrintSystem\listener.py", line 276, in listen_loop_for_device
2025-10-07T05:30:53:     print(f"\u274c [{device['name']}] Listener error:", error)
2025-10-07T05:30:53:     ~~~~~^^^^^^^^^^^^^^^^^^^^^^^^^^^^^^^^^^^^^^^^^^^^^^^^^
2025-10-07T05:30:53:   File "C:\Users\crazy mouse\AppData\Local\Programs\Python\Python313\Lib\encodings\cp1256.py", line 19, in encode
2025-10-07T05:30:53:     return codecs.charmap_encode(input,self.errors,encoding_table)[0]
2025-10-07T05:30:53:            ~~~~~~~~~~~~~~~~~~~~~^^^^^^^^^^^^^^^^^^^^^^^^^^^^^^^^^^
2025-10-07T05:30:53: UnicodeEncodeError: 'charmap' codec can't encode character '\u274c' in position 0: character maps to <undefined>
2025-10-07T05:30:53:   File "C:\Program Files\fingerPrintSystem\listener.py", line 984, in <module>
2025-10-07T05:30:53:     print("\u26a0\ufe0f Failed to auto-start listeners:", _e)
2025-10-07T05:30:53:     ~~~~~^^^^^^^^^^^^^^^^^^^^^^^^^^^^^^^^^^^^^^^^^^
2025-10-07T05:30:53:   File "C:\Users\crazy mouse\AppData\Local\Programs\Python\Python313\Lib\encodings\cp1256.py", line 19, in encode
2025-10-07T05:30:53:     return codecs.charmap_encode(input,self.errors,encoding_table)[0]
2025-10-07T05:30:53:            ~~~~~~~~~~~~~~~~~~~~~^^^^^^^^^^^^^^^^^^^^^^^^^^^^^^^^^^
2025-10-07T05:30:53: UnicodeEncodeError: 'charmap' codec can't encode characters in position 0-1: character maps to <undefined>
2025-10-07T05:30:58: Exception in thread 
2025-10-07T05:30:58: Thread-1 (listen_loop_for_device):
2025-10-07T05:30:58: Traceback (most recent call last):
2025-10-07T05:30:58: Traceback (most recent call last):
2025-10-07T05:30:58:   File "C:\Program Files\fingerPrintSystem\listener.py", line 981, in <module>
2025-10-07T05:30:58:     start_all_listeners()
2025-10-07T05:30:58:     ~~~~~~~~~~~~~~~~~~~^^
2025-10-07T05:30:58:   File "C:\Program Files\fingerPrintSystem\listener.py", line 226, in listen_loop_for_device
2025-10-07T05:30:58:     print(f"\U0001f449 Starting attendance listener for {device['name']} ({device['ip']})...")
2025-10-07T05:30:58:     ~~~~~^^^^^^^^^^^^^^^^^^^^^^^^^^^^^^^^^^^^^^^^^^^^^^^^^^^^^^^^^^^^^^^^^^^^^^^^^^^^^
2025-10-07T05:30:58:   File "C:\Program Files\fingerPrintSystem\listener.py", line 317, in start_all_listeners
2025-10-07T05:30:58:     print(f"\U0001f680 Started listener thread for {device['name']}")
2025-10-07T05:30:58:     ~~~~~^^^^^^^^^^^^^^^^^^^^^^^^^^^^^^^^^^^^^^^^^^^^^^^^^^^^
2025-10-07T05:30:58:   File "C:\Users\crazy mouse\AppData\Local\Programs\Python\Python313\Lib\encodings\cp1256.py", line 19, in encode
2025-10-07T05:30:58:     return codecs.charmap_encode(input,self.errors,encoding_table)[0]
2025-10-07T05:30:58:            ~~~~~~~~~~~~~~~~~~~~~^^^^^^^^^^^^^^^^^^^^^^^^^^^^^^^^^^
2025-10-07T05:30:58:   File "C:\Users\crazy mouse\AppData\Local\Programs\Python\Python313\Lib\encodings\cp1256.py", line 19, in encode
2025-10-07T05:30:58:     return codecs.charmap_encode(input,self.errors,encoding_table)[0]
2025-10-07T05:30:58:            ~~~~~~~~~~~~~~~~~~~~~^^^^^^^^^^^^^^^^^^^^^^^^^^^^^^^^^^
2025-10-07T05:30:58: UnicodeEncodeError: 'charmap' codec can't encode character '\U0001f449' in position 0: character maps to <undefined>
2025-10-07T05:30:58: UnicodeEncodeError: 'charmap' codec can't encode character '\U0001f680' in position 0: character maps to <undefined>
2025-10-07T05:30:58: 
2025-10-07T05:30:58: During handling of the above exception, another exception occurred:
2025-10-07T05:30:58: 
2025-10-07T05:30:58: 
2025-10-07T05:30:58: During handling of the above exception, another exception occurred:
2025-10-07T05:30:58: 
2025-10-07T05:30:58: Traceback (most recent call last):
2025-10-07T05:30:58: Traceback (most recent call last):
2025-10-07T05:30:58:   File "C:\Users\crazy mouse\AppData\Local\Programs\Python\Python313\Lib\threading.py", line 1043, in _bootstrap_inner
2025-10-07T05:30:58:     self.run()
2025-10-07T05:30:58:     ~~~~~~~~^^
2025-10-07T05:30:58:   File "C:\Program Files\fingerPrintSystem\listener.py", line 984, in <module>
2025-10-07T05:30:58:     print("\u26a0\ufe0f Failed to auto-start listeners:", _e)
2025-10-07T05:30:58:     ~~~~~^^^^^^^^^^^^^^^^^^^^^^^^^^^^^^^^^^^^^^^^^^
2025-10-07T05:30:58:   File "C:\Users\crazy mouse\AppData\Local\Programs\Python\Python313\Lib\threading.py", line 994, in run
2025-10-07T05:30:58:     self._target(*self._args, **self._kwargs)
2025-10-07T05:30:58:     ~~~~~~~~~~~~^^^^^^^^^^^^^^^^^^^^^^^^^^^^^
2025-10-07T05:30:58:   File "C:\Users\crazy mouse\AppData\Local\Programs\Python\Python313\Lib\encodings\cp1256.py", line 19, in encode
2025-10-07T05:30:58:     return codecs.charmap_encode(input,self.errors,encoding_table)[0]
2025-10-07T05:30:58:            ~~~~~~~~~~~~~~~~~~~~~^^^^^^^^^^^^^^^^^^^^^^^^^^^^^^^^^^
2025-10-07T05:30:58:   File "C:\Program Files\fingerPrintSystem\listener.py", line 276, in listen_loop_for_device
2025-10-07T05:30:58:     print(f"\u274c [{device['name']}] Listener error:", error)
2025-10-07T05:30:58:     ~~~~~^^^^^^^^^^^^^^^^^^^^^^^^^^^^^^^^^^^^^^^^^^^^^^^^^
2025-10-07T05:30:58: UnicodeEncodeError: 'charmap' codec can't encode characters in position 0-1: character maps to <undefined>
2025-10-07T05:30:58:   File "C:\Users\crazy mouse\AppData\Local\Programs\Python\Python313\Lib\encodings\cp1256.py", line 19, in encode
2025-10-07T05:30:58:     return codecs.charmap_encode(input,self.errors,encoding_table)[0]
2025-10-07T05:30:58:            ~~~~~~~~~~~~~~~~~~~~~^^^^^^^^^^^^^^^^^^^^^^^^^^^^^^^^^^
2025-10-07T05:31:03: Exception in thread 
2025-10-07T05:31:03: Thread-1 (listen_loop_for_device):
2025-10-07T05:31:03: Traceback (most recent call last):
2025-10-07T05:31:03:   File "C:\Program Files\fingerPrintSystem\listener.py", line 981, in <module>
2025-10-07T05:31:03:     start_all_listeners()
2025-10-07T05:31:03:     ~~~~~~~~~~~~~~~~~~~^^
2025-10-07T05:31:03:   File "C:\Program Files\fingerPrintSystem\listener.py", line 317, in start_all_listeners
2025-10-07T05:31:03:     print(f"\U0001f680 Started listener thread for {device['name']}")
2025-10-07T05:31:03:     ~~~~~^^^^^^^^^^^^^^^^^^^^^^^^^^^^^^^^^^^^^^^^^^^^^^^^^^^^
2025-10-07T05:31:03:   File "C:\Users\crazy mouse\AppData\Local\Programs\Python\Python313\Lib\encodings\cp1256.py", line 19, in encode
2025-10-07T05:31:03:     return codecs.charmap_encode(input,self.errors,encoding_table)[0]
2025-10-07T05:31:03:            ~~~~~~~~~~~~~~~~~~~~~^^^^^^^^^^^^^^^^^^^^^^^^^^^^^^^^^^
2025-10-07T05:31:03: UnicodeEncodeError: 'charmap' codec can't encode character '\U0001f680' in position 0: character maps to <undefined>
2025-10-07T05:31:03: 
2025-10-07T05:31:03: During handling of the above exception, another exception occurred:
2025-10-07T05:31:03: 
2025-10-07T05:31:03: Traceback (most recent call last):
2025-10-07T05:31:03:   File "C:\Program Files\fingerPrintSystem\listener.py", line 984, in <module>
2025-10-07T05:31:03:     print("\u26a0\ufe0f Failed to auto-start listeners:", _e)
2025-10-07T05:31:03:     ~~~~~^^^^^^^^^^^^^^^^^^^^^^^^^^^^^^^^^^^^^^^^^^
2025-10-07T05:31:03: Traceback (most recent call last):
2025-10-07T05:31:03:   File "C:\Users\crazy mouse\AppData\Local\Programs\Python\Python313\Lib\encodings\cp1256.py", line 19, in encode
2025-10-07T05:31:03:     return codecs.charmap_encode(input,self.errors,encoding_table)[0]
2025-10-07T05:31:03:            ~~~~~~~~~~~~~~~~~~~~~^^^^^^^^^^^^^^^^^^^^^^^^^^^^^^^^^^
2025-10-07T05:31:03:   File "C:\Program Files\fingerPrintSystem\listener.py", line 226, in listen_loop_for_device
2025-10-07T05:31:03:     print(f"\U0001f449 Starting attendance listener for {device['name']} ({device['ip']})...")
2025-10-07T05:31:03:     ~~~~~^^^^^^^^^^^^^^^^^^^^^^^^^^^^^^^^^^^^^^^^^^^^^^^^^^^^^^^^^^^^^^^^^^^^^^^^^^^^^
2025-10-07T05:31:03:   File "C:\Users\crazy mouse\AppData\Local\Programs\Python\Python313\Lib\encodings\cp1256.py", line 19, in encode
2025-10-07T05:31:03:     return codecs.charmap_encode(input,self.errors,encoding_table)[0]
2025-10-07T05:31:03:            ~~~~~~~~~~~~~~~~~~~~~^^^^^^^^^^^^^^^^^^^^^^^^^^^^^^^^^^
2025-10-07T05:31:03: UnicodeEncodeError: 'charmap' codec can't encode character '\U0001f449' in position 0: character maps to <undefined>
2025-10-07T05:31:03: 
2025-10-07T05:31:03: During handling of the above exception, another exception occurred:
2025-10-07T05:31:03: 
2025-10-07T05:31:03: Traceback (most recent call last):
2025-10-07T05:31:03: UnicodeEncodeError: 'charmap' codec can't encode characters in position 0-1: character maps to <undefined>
2025-10-07T05:31:03:   File "C:\Users\crazy mouse\AppData\Local\Programs\Python\Python313\Lib\threading.py", line 1043, in _bootstrap_inner
2025-10-07T05:31:03:     self.run()
2025-10-07T05:31:03:     ~~~~~~~~^^
2025-10-07T05:31:08: Traceback (most recent call last):
2025-10-07T05:31:08:   File "C:\Program Files\fingerPrintSystem\listener.py", line 986, in <module>
2025-10-07T05:31:08:     print(f"\U0001f680 Flask API running on http://{FLASK_HOST}:{FLASK_PORT}")
2025-10-07T05:31:08:     ~~~~~^^^^^^^^^^^^^^^^^^^^^^^^^^^^^^^^^^^^^^^^^^^^^^^^^^^^^^^^^^^^^
2025-10-07T05:31:08:   File "C:\Users\crazy mouse\AppData\Local\Programs\Python\Python313\Lib\encodings\cp1256.py", line 19, in encode
2025-10-07T05:31:08:     return codecs.charmap_encode(input,self.errors,encoding_table)[0]
2025-10-07T05:31:08:            ~~~~~~~~~~~~~~~~~~~~~^^^^^^^^^^^^^^^^^^^^^^^^^^^^^^^^^^
2025-10-07T05:31:08: UnicodeEncodeError: 'charmap' codec can't encode character '\U0001f680' in position 0: character maps to <undefined>
2025-10-07T05:31:13: Traceback (most recent call last):
2025-10-07T05:31:13:   File "C:\Program Files\fingerPrintSystem\listener.py", line 986, in <module>
2025-10-07T05:31:13:     print(f"\U0001f680 Flask API running on http://{FLASK_HOST}:{FLASK_PORT}")
2025-10-07T05:31:13:     ~~~~~^^^^^^^^^^^^^^^^^^^^^^^^^^^^^^^^^^^^^^^^^^^^^^^^^^^^^^^^^^^^^
2025-10-07T05:31:13:   File "C:\Users\crazy mouse\AppData\Local\Programs\Python\Python313\Lib\encodings\cp1256.py", line 19, in encode
2025-10-07T05:31:13:     return codecs.charmap_encode(input,self.errors,encoding_table)[0]
2025-10-07T05:31:13:            ~~~~~~~~~~~~~~~~~~~~~^^^^^^^^^^^^^^^^^^^^^^^^^^^^^^^^^^
2025-10-07T05:31:13: UnicodeEncodeError: 'charmap' codec can't encode character '\U0001f680' in position 0: character maps to <undefined>
2025-10-07T05:31:17: Traceback (most recent call last):
2025-10-07T05:31:17:   File "C:\Program Files\fingerPrintSystem\listener.py", line 986, in <module>
2025-10-07T05:31:17:     print(f"\U0001f680 Flask API running on http://{FLASK_HOST}:{FLASK_PORT}")
2025-10-07T05:31:17:     ~~~~~^^^^^^^^^^^^^^^^^^^^^^^^^^^^^^^^^^^^^^^^^^^^^^^^^^^^^^^^^^^^^
2025-10-07T05:31:17:   File "C:\Users\crazy mouse\AppData\Local\Programs\Python\Python313\Lib\encodings\cp1256.py", line 19, in encode
2025-10-07T05:31:17:     return codecs.charmap_encode(input,self.errors,encoding_table)[0]
2025-10-07T05:31:17:            ~~~~~~~~~~~~~~~~~~~~~^^^^^^^^^^^^^^^^^^^^^^^^^^^^^^^^^^
2025-10-07T05:31:17: UnicodeEncodeError: 'charmap' codec can't encode character '\U0001f680' in position 0: character maps to <undefined>
2025-10-07T05:31:22: Traceback (most recent call last):
2025-10-07T05:31:22:   File "C:\Program Files\fingerPrintSystem\listener.py", line 986, in <module>
2025-10-07T05:31:22:     print(f"\U0001f680 Flask API running on http://{FLASK_HOST}:{FLASK_PORT}")
2025-10-07T05:31:22:     ~~~~~^^^^^^^^^^^^^^^^^^^^^^^^^^^^^^^^^^^^^^^^^^^^^^^^^^^^^^^^^^^^^
2025-10-07T05:31:22:   File "C:\Users\crazy mouse\AppData\Local\Programs\Python\Python313\Lib\encodings\cp1256.py", line 19, in encode
2025-10-07T05:31:22:     return codecs.charmap_encode(input,self.errors,encoding_table)[0]
2025-10-07T05:31:22:            ~~~~~~~~~~~~~~~~~~~~~^^^^^^^^^^^^^^^^^^^^^^^^^^^^^^^^^^
2025-10-07T05:31:22: UnicodeEncodeError: 'charmap' codec can't encode character '\U0001f680' in position 0: character maps to <undefined>
2025-10-07T05:31:27: Traceback (most recent call last):
2025-10-07T05:31:27:   File "C:\Program Files\fingerPrintSystem\listener.py", line 986, in <module>
2025-10-07T05:31:27:     print(f"\U0001f680 Flask API running on http://{FLASK_HOST}:{FLASK_PORT}")
2025-10-07T05:31:27:     ~~~~~^^^^^^^^^^^^^^^^^^^^^^^^^^^^^^^^^^^^^^^^^^^^^^^^^^^^^^^^^^^^^
2025-10-07T05:31:27:   File "C:\Users\crazy mouse\AppData\Local\Programs\Python\Python313\Lib\encodings\cp1256.py", line 19, in encode
2025-10-07T05:31:27:     return codecs.charmap_encode(input,self.errors,encoding_table)[0]
2025-10-07T05:31:27:            ~~~~~~~~~~~~~~~~~~~~~^^^^^^^^^^^^^^^^^^^^^^^^^^^^^^^^^^
2025-10-07T05:31:27: UnicodeEncodeError: 'charmap' codec can't encode character '\U0001f680' in position 0: character maps to <undefined>
2025-10-07T05:31:31: Traceback (most recent call last):
2025-10-07T05:31:31:   File "C:\Program Files\fingerPrintSystem\listener.py", line 986, in <module>
2025-10-07T05:31:31:     print(f"\U0001f680 Flask API running on http://{FLASK_HOST}:{FLASK_PORT}")
2025-10-07T05:31:31:     ~~~~~^^^^^^^^^^^^^^^^^^^^^^^^^^^^^^^^^^^^^^^^^^^^^^^^^^^^^^^^^^^^^
2025-10-07T05:31:31:   File "C:\Users\crazy mouse\AppData\Local\Programs\Python\Python313\Lib\encodings\cp1256.py", line 19, in encode
2025-10-07T05:31:31:     return codecs.charmap_encode(input,self.errors,encoding_table)[0]
2025-10-07T05:31:31:            ~~~~~~~~~~~~~~~~~~~~~^^^^^^^^^^^^^^^^^^^^^^^^^^^^^^^^^^
2025-10-07T05:31:31: UnicodeEncodeError: 'charmap' codec can't encode character '\U0001f680' in position 0: character maps to <undefined>
2025-10-07T05:31:36: Traceback (most recent call last):
2025-10-07T05:31:36:   File "C:\Program Files\fingerPrintSystem\listener.py", line 986, in <module>
2025-10-07T05:31:36:     print(f"\U0001f680 Flask API running on http://{FLASK_HOST}:{FLASK_PORT}")
2025-10-07T05:31:36:     ~~~~~^^^^^^^^^^^^^^^^^^^^^^^^^^^^^^^^^^^^^^^^^^^^^^^^^^^^^^^^^^^^^
2025-10-07T05:31:36:   File "C:\Users\crazy mouse\AppData\Local\Programs\Python\Python313\Lib\encodings\cp1256.py", line 19, in encode
2025-10-07T05:31:36:     return codecs.charmap_encode(input,self.errors,encoding_table)[0]
2025-10-07T05:31:36:            ~~~~~~~~~~~~~~~~~~~~~^^^^^^^^^^^^^^^^^^^^^^^^^^^^^^^^^^
2025-10-07T05:31:36: UnicodeEncodeError: 'charmap' codec can't encode character '\U0001f680' in position 0: character maps to <undefined>
